[tale] 2017-07-05 11:31:00,073 INFO  [main] com.blade.embedd.EmbedJettyServer | add classpath: /Users/wqkenqing/Desktop/blog/tale_mysql/tale/target/dist/tale/resources/
[tale] 2017-07-05 11:31:00,085 INFO  [main] org.eclipse.jetty.util.log | Logging initialized @218ms to org.eclipse.jetty.util.log.Slf4jLog
[tale] 2017-07-05 11:31:00,225 INFO  [main] com.blade.embedd.EmbedJettyServer | add classpath : /Users/wqkenqing/Desktop/blog/tale_mysql/tale/target/dist/tale/resources/
[tale] 2017-07-05 11:31:00,235 INFO  [main] org.eclipse.jetty.server.Server | jetty-9.4.0.v20161208
[tale] 2017-07-05 11:31:00,317 INFO  [main] org.eclipse.jetty.webapp.StandardDescriptorProcessor | NO JSP Support for /, did not find org.eclipse.jetty.jsp.JettyJspServlet
[tale] 2017-07-05 11:31:00,324 INFO  [main] org.eclipse.jetty.server.session | DefaultSessionIdManager workerName=node0
[tale] 2017-07-05 11:31:00,324 INFO  [main] org.eclipse.jetty.server.session | No SessionScavenger set, using defaults
[tale] 2017-07-05 11:31:00,326 INFO  [main] org.eclipse.jetty.server.session | Scavenging every 600000ms
[tale] 2017-07-05 11:31:00,333 INFO  [main] com.blade.mvc.context.BladeInitListener | jdk.version	=> 1.8.0_112
[tale] 2017-07-05 11:31:00,334 INFO  [main] com.blade.mvc.context.BladeInitListener | user.dir		=> /Users/wqkenqing/Desktop/blog/tale_mysql/tale/bin
[tale] 2017-07-05 11:31:00,334 INFO  [main] com.blade.mvc.context.BladeInitListener | java.io.tmpdir	=> /var/folders/cn/zmp3mkhd5dsbf36hlr5wjm0r0000gn/T/
[tale] 2017-07-05 11:31:00,334 INFO  [main] com.blade.mvc.context.BladeInitListener | user.timezone	=> Asia/Shanghai
[tale] 2017-07-05 11:31:00,334 INFO  [main] com.blade.mvc.context.BladeInitListener | file.encoding	=> UTF-8
[tale] 2017-07-05 11:31:00,335 INFO  [main] com.blade.mvc.context.BladeInitListener | blade.webroot	=> jar:file:/Users/wqkenqing/Desktop/blog/tale_mysql/tale/target/dist/tale/tale-1.1.0.jar!/
[tale] 2017-07-05 11:31:00,354 INFO  [main] com.blade.mvc.route.Routers | Add Route => GET	/admin/login
[tale] 2017-07-05 11:31:00,355 INFO  [main] com.blade.mvc.route.Routers | Add Route => POST	/admin/login
[tale] 2017-07-05 11:31:00,356 INFO  [main] com.blade.mvc.route.Routers | Add Route => GET	/admin/comments
[tale] 2017-07-05 11:31:00,356 INFO  [main] com.blade.mvc.route.Routers | Add Route => POST	/admin/comments/delete
[tale] 2017-07-05 11:31:00,356 INFO  [main] com.blade.mvc.route.Routers | Add Route => POST	/admin/comments/status
[tale] 2017-07-05 11:31:00,356 INFO  [main] com.blade.mvc.route.Routers | Add Route => POST	/admin/comments
[tale] 2017-07-05 11:31:00,357 INFO  [main] com.blade.mvc.route.Routers | Add Route => GET	/admin
[tale] 2017-07-05 11:31:00,357 INFO  [main] com.blade.mvc.route.Routers | Add Route => GET	/admin/index
[tale] 2017-07-05 11:31:00,357 INFO  [main] com.blade.mvc.route.Routers | Add Route => GET	/admin/profile
[tale] 2017-07-05 11:31:00,357 INFO  [main] com.blade.mvc.route.Routers | Add Route => POST	/admin/backup
[tale] 2017-07-05 11:31:00,358 INFO  [main] com.blade.mvc.route.Routers | Add Route => GET	/admin/setting
[tale] 2017-07-05 11:31:00,358 INFO  [main] com.blade.mvc.route.Routers | Add Route => POST	/admin/setting
[tale] 2017-07-05 11:31:00,358 INFO  [main] com.blade.mvc.route.Routers | Add Route => POST	/admin/profile
[tale] 2017-07-05 11:31:00,358 INFO  [main] com.blade.mvc.route.Routers | Add Route => POST	/admin/password
[tale] 2017-07-05 11:31:00,359 INFO  [main] com.blade.mvc.route.Routers | Add Route => GET	/admin/advanced
[tale] 2017-07-05 11:31:00,359 INFO  [main] com.blade.mvc.route.Routers | Add Route => POST	/admin/advanced
[tale] 2017-07-05 11:31:00,361 INFO  [main] com.blade.mvc.route.Routers | Add Route => GET	/admin/page
[tale] 2017-07-05 11:31:00,361 INFO  [main] com.blade.mvc.route.Routers | Add Route => ALL	/admin/page/delete
[tale] 2017-07-05 11:31:00,362 INFO  [main] com.blade.mvc.route.Routers | Add Route => POST	/admin/page/modify
[tale] 2017-07-05 11:31:00,362 INFO  [main] com.blade.mvc.route.Routers | Add Route => GET	/admin/page/new
[tale] 2017-07-05 11:31:00,362 INFO  [main] com.blade.mvc.route.Routers | Add Route => POST	/admin/page/publish
[tale] 2017-07-05 11:31:00,362 INFO  [main] com.blade.mvc.route.Routers | Add Route => GET	/admin/page/:cid
[tale] 2017-07-05 11:31:00,363 INFO  [main] com.blade.mvc.route.Routers | Add Route => GET	/install
[tale] 2017-07-05 11:31:00,363 INFO  [main] com.blade.mvc.route.Routers | Add Route => POST	/install
[tale] 2017-07-05 11:31:00,363 INFO  [main] com.blade.mvc.route.Routers | Add Route => POST	/install/conn_test
[tale] 2017-07-05 11:31:00,364 INFO  [main] com.blade.mvc.route.Routers | Add Route => GET	/admin/category
[tale] 2017-07-05 11:31:00,364 INFO  [main] com.blade.mvc.route.Routers | Add Route => ALL	/admin/category/delete
[tale] 2017-07-05 11:31:00,364 INFO  [main] com.blade.mvc.route.Routers | Add Route => POST	/admin/category/save
[tale] 2017-07-05 11:31:00,364 INFO  [main] com.blade.mvc.route.Routers | Add Route => GET	/admin/links
[tale] 2017-07-05 11:31:00,365 INFO  [main] com.blade.mvc.route.Routers | Add Route => ALL	/admin/links/delete
[tale] 2017-07-05 11:31:00,365 INFO  [main] com.blade.mvc.route.Routers | Add Route => POST	/admin/links/save
[tale] 2017-07-05 11:31:00,366 INFO  [main] com.blade.mvc.route.Routers | Add Route => GET	/admin/article
[tale] 2017-07-05 11:31:00,366 INFO  [main] com.blade.mvc.route.Routers | Add Route => ALL	/admin/article/delete
[tale] 2017-07-05 11:31:00,366 INFO  [main] com.blade.mvc.route.Routers | Add Route => GET	/admin/article/publish
[tale] 2017-07-05 11:31:00,366 INFO  [main] com.blade.mvc.route.Routers | Add Route => GET	/admin/article/:cid
[tale] 2017-07-05 11:31:00,366 INFO  [main] com.blade.mvc.route.Routers | Add Route => POST	/admin/article/publish
[tale] 2017-07-05 11:31:00,367 INFO  [main] com.blade.mvc.route.Routers | Add Route => POST	/admin/article/modify
[tale] 2017-07-05 11:31:00,367 INFO  [main] com.blade.mvc.route.Routers | Add Route => GET	/admin/attach
[tale] 2017-07-05 11:31:00,367 INFO  [main] com.blade.mvc.route.Routers | Add Route => ALL	/admin/attach/delete
[tale] 2017-07-05 11:31:00,367 INFO  [main] com.blade.mvc.route.Routers | Add Route => POST	/admin/attach/upload
[tale] 2017-07-05 11:31:00,368 INFO  [main] com.blade.mvc.route.Routers | Add Route => GET	/page/:p
[tale] 2017-07-05 11:31:00,368 INFO  [main] com.blade.mvc.route.Routers | Add Route => GET	/
[tale] 2017-07-05 11:31:00,368 INFO  [main] com.blade.mvc.route.Routers | Add Route => GET	/search/:keyword/:page
[tale] 2017-07-05 11:31:00,368 INFO  [main] com.blade.mvc.route.Routers | Add Route => GET	/search/:keyword
[tale] 2017-07-05 11:31:00,368 INFO  [main] com.blade.mvc.route.Routers | Add Route => GET	/article/:cid
[tale] 2017-07-05 11:31:00,368 INFO  [main] com.blade.mvc.route.Routers | Add Route => GET	/:pagename
[tale] 2017-07-05 11:31:00,369 INFO  [main] com.blade.mvc.route.Routers | Add Route => ALL	/logout
[tale] 2017-07-05 11:31:00,369 INFO  [main] com.blade.mvc.route.Routers | Add Route => GET	/category/:keyword
[tale] 2017-07-05 11:31:00,369 INFO  [main] com.blade.mvc.route.Routers | Add Route => GET	/category/:keyword/:page
[tale] 2017-07-05 11:31:00,369 INFO  [main] com.blade.mvc.route.Routers | Add Route => GET	/links
[tale] 2017-07-05 11:31:00,369 INFO  [main] com.blade.mvc.route.Routers | Add Route => GET	/archives
[tale] 2017-07-05 11:31:00,369 INFO  [main] com.blade.mvc.route.Routers | Add Route => GET	/feed
[tale] 2017-07-05 11:31:00,370 INFO  [main] com.blade.mvc.route.Routers | Add Route => GET	/feed.xml
[tale] 2017-07-05 11:31:00,370 INFO  [main] com.blade.mvc.route.Routers | Add Route => GET	/tag/:name/:page
[tale] 2017-07-05 11:31:00,370 INFO  [main] com.blade.mvc.route.Routers | Add Route => GET	/tag/:name
[tale] 2017-07-05 11:31:00,370 INFO  [main] com.blade.mvc.route.Routers | Add Route => POST	/comment
[tale] 2017-07-05 11:31:00,376 INFO  [main] com.blade.mvc.route.Routers | Add Interceptor: BEFORE	/.*
[tale] 2017-07-05 11:31:00,376 INFO  [main] com.blade.mvc.route.Routers | Add Interceptor: AFTER	/.*
[tale] 2017-07-05 11:31:00,386 WARN  [main] com.blade.ioc.Ioc | Duplicated Bean: com.tale.init.WebContext
[tale] 2017-07-05 11:31:00,426 INFO  [main] com.blade.ioc.IocApplication | Add Object: [com.tale.controller.admin.AuthController@17baae6e, com.tale.controller.admin.AttachController@69379752, com.tale.controller.IndexController@27fe3806, com.tale.service.impl.AttachServiceImpl@5f71c76a, com.tale.controller.admin.IndexController@1d7acb34, com.tale.controller.admin.CommentController@48a242ce, com.tale.interceptor.BaseInterceptor@1e4a7dd4, com.tale.service.impl.UsersServiceImpl@4f51b3e0, com.tale.init.WebContext@4b9e255, com.tale.controller.admin.LinksController@5e57643e, com.tale.service.impl.SiteServiceImpl@133e16fd, com.tale.init.WebContext@51b279c9, com.tale.service.impl.ContentsServiceImpl@1ad282e0, com.tale.service.impl.SiteServiceImpl@133e16fd, com.tale.service.impl.OptionsServiceImpl@7f416310, com.blade.jdbc.ar.SampleActiveRecord@1cab0bfb, com.tale.service.impl.UsersServiceImpl@4f51b3e0, com.tale.service.impl.AttachServiceImpl@5f71c76a, com.tale.controller.admin.CategoryController@5e955596, com.tale.service.impl.CommentsServiceImpl@50de0926, com.tale.service.impl.CommentsServiceImpl@50de0926, com.tale.controller.admin.PageController@2473b9ce, com.tale.service.impl.MetasServiceImpl@60438a68, com.tale.controller.InstallController@140e5a13, com.tale.interceptor.BaseInterceptor@1e4a7dd4, com.tale.service.impl.ContentsServiceImpl@1ad282e0, com.tale.service.impl.LogServiceImpl@3439f68d, com.tale.service.impl.MetasServiceImpl@60438a68, com.tale.service.impl.OptionsServiceImpl@7f416310, com.tale.controller.admin.ArticleController@dbd940d, com.tale.service.impl.LogServiceImpl@3439f68d, com.tale.init.WebContext@51b279c9, com.blade.jdbc.ar.SampleActiveRecord@1cab0bfb]
[tale] 2017-07-05 11:31:00,435 INFO  [main] com.blade.mvc.context.BladeInitListener | blade.isDev	=> false

		 __, _,   _, __, __,
		 |_) |   /_\ | \ |_
		 |_) | , | | |_/ |
		 ~   ~~~ ~ ~ ~   ~~~
		 :: Blade :: (v1.7.1-alpha)

[tale] 2017-07-05 11:31:00,436 INFO  [main] com.blade.mvc.context.BladeInitListener | Tale (塌了) initialize successfully, Time elapsed: 102 ms.
[tale] 2017-07-05 11:31:00,461 INFO  [main] jetbrick.template.JetEngineImpl | JetEngine.version = 2.1.2
[tale] 2017-07-05 11:31:00,461 INFO  [main] jetbrick.template.JetEngineImpl | JetEngine.loader = jetbrick.template.loader.ClasspathResourceLoader, root = /templates/, reload = true
[tale] 2017-07-05 11:31:00,465 INFO  [main] jetbrick.template.resolver.clazz.ClassResolver | import package: java.lang.*
[tale] 2017-07-05 11:31:00,465 INFO  [main] jetbrick.template.resolver.clazz.ClassResolver | import package: java.util.*
[tale] 2017-07-05 11:31:00,466 INFO  [main] jetbrick.template.resolver.method.MethodInvokerResolver | import 29 methods from class jetbrick.template.runtime.buildin.JetMethods
[tale] 2017-07-05 11:31:00,467 INFO  [main] jetbrick.template.resolver.function.FunctionInvokerResolver | import 11 functions from class jetbrick.template.runtime.buildin.JetFunctions
[tale] 2017-07-05 11:31:00,468 INFO  [main] jetbrick.template.resolver.tag.TagInvokerResolver | import 2 tags from class jetbrick.template.runtime.buildin.JetTags
[tale] 2017-07-05 11:31:00,473 INFO  [main] jetbrick.template.JetTemplateImpl | Loading template: /comm/macros.html
[tale] 2017-07-05 11:31:00,564 INFO  [main] jetbrick.template.resolver.function.FunctionInvokerResolver | import 18 functions from class com.tale.ext.Commons
[tale] 2017-07-05 11:31:00,565 INFO  [main] jetbrick.template.resolver.function.FunctionInvokerResolver | import 41 functions from class com.tale.ext.Theme
[tale] 2017-07-05 11:31:00,565 INFO  [main] jetbrick.template.resolver.function.FunctionInvokerResolver | import 2 functions from class com.tale.ext.AdminCommons
[tale] 2017-07-05 11:31:00,566 INFO  [main] jetbrick.template.resolver.tag.TagInvokerResolver | import 1 tags from class com.tale.ext.JetTag
[tale] 2017-07-05 11:31:12,778 INFO  [main] com.alibaba.druid.pool.DruidDataSource | {dataSource-1} inited
[tale] 2017-07-05 11:31:12,798 DEBUG [main] org.sql2o.Query | Executing query:
select description,name,value from t_options order by name desc
[tale] 2017-07-05 11:31:13,046 DEBUG [main] org.sql2o.Query | total: 249 ms, execution: 239 ms, reading and parsing: 10 ms; executed [null]
[tale] 2017-07-05 11:31:13,060 INFO  [main] com.blade.mvc.dispatch.AbsDispatcherServlet | init worker thread pool.
[tale] 2017-07-05 11:31:13,060 INFO  [main] org.eclipse.jetty.server.handler.ContextHandler | Started o.e.j.w.WebAppContext@b9b00e0{/,jar:file:/Users/wqkenqing/Desktop/blog/tale_mysql/tale/target/dist/tale/tale-1.1.0.jar!/,AVAILABLE}
[tale] 2017-07-05 11:31:13,085 INFO  [main] org.eclipse.jetty.server.AbstractConnector | Started ServerConnector@229c6181{HTTP/1.1,[http/1.1]}{0.0.0.0:9000}
[tale] 2017-07-05 11:31:13,085 INFO  [main] org.eclipse.jetty.server.Server | Started @13219ms
[tale] 2017-07-05 11:31:13,085 INFO  [main] com.blade.embedd.EmbedJettyServer | Blade Server Listen on 0.0.0.0:9000
[tale] 2017-07-05 11:31:14,564 INFO  [blade-pool-32] com.blade.mvc.dispatch.DispatcherHandler | GET	/	HTTP/1.1
[tale] 2017-07-05 11:31:14,590 INFO  [blade-pool-32] com.tale.interceptor.BaseInterceptor | UserAgent: Mozilla/5.0 (Macintosh; Intel Mac OS X 10_12_3) AppleWebKit/537.36 (KHTML, like Gecko) Chrome/59.0.3071.115 Safari/537.36
[tale] 2017-07-05 11:31:14,590 INFO  [blade-pool-32] com.tale.interceptor.BaseInterceptor | 用户访问地址: /, 来路地址: 0:0:0:0:0:0:0:1
[tale] 2017-07-05 11:31:14,604 DEBUG [blade-pool-32] org.sql2o.Query | Executing query:
select count(0) from (select allow_comment,allow_feed,allow_ping,author_id,categories,cid,comments_num,content,created,hits,modified,slug,status,tags,title,type from t_contents where type = ? and status = ?) tmp_count
[tale] 2017-07-05 11:31:14,604 DEBUG [blade-pool-32] org.sql2o.Query | Executing query:
select count(0) from (select allow_comment,allow_feed,allow_ping,author_id,categories,cid,comments_num,content,created,hits,modified,slug,status,tags,title,type from t_contents where type = ? and status = ?) tmp_count
[tale] 2017-07-05 11:31:14,847 DEBUG [blade-pool-32] org.sql2o.Query | total: 243 ms; executed scalar [No name]
[tale] 2017-07-05 11:31:14,883 DEBUG [blade-pool-32] org.sql2o.Query | Executing query:
select allow_comment,allow_feed,allow_ping,author_id,categories,cid,comments_num,content,created,hits,modified,slug,status,tags,title,type from t_contents where type = ? and status = ? order by created desc limit 0,12
[tale] 2017-07-05 11:31:15,988 DEBUG [blade-pool-32] org.sql2o.Query | total: 1105 ms, execution: 1101 ms, reading and parsing: 4 ms; executed [null]
[tale] 2017-07-05 11:31:15,992 INFO  [blade-pool-32] jetbrick.template.JetTemplateImpl | Loading template: themes/default/index.html
[tale] 2017-07-05 11:31:16,004 INFO  [blade-pool-32] jetbrick.template.JetTemplateImpl | Loading template: themes/default/header.html
[tale] 2017-07-05 11:31:16,348 INFO  [blade-pool-32] jetbrick.template.JetTemplateImpl | Loading template: themes/default/footer.html
[tale] 2017-07-05 11:31:16,353 DEBUG [blade-pool-32] org.sql2o.Query | Executing query:
select count(0) from (select allow_comment,allow_feed,allow_ping,author_id,categories,cid,comments_num,content,created,hits,modified,slug,status,tags,title,type from t_contents where status = ? and type = ?) tmp_count
[tale] 2017-07-05 11:31:16,353 DEBUG [blade-pool-32] org.sql2o.Query | Executing query:
select count(0) from (select allow_comment,allow_feed,allow_ping,author_id,categories,cid,comments_num,content,created,hits,modified,slug,status,tags,title,type from t_contents where status = ? and type = ?) tmp_count
[tale] 2017-07-05 11:31:16,569 DEBUG [blade-pool-32] org.sql2o.Query | total: 216 ms; executed scalar [No name]
[tale] 2017-07-05 11:31:16,569 DEBUG [blade-pool-32] org.sql2o.Query | Executing query:
select allow_comment,allow_feed,allow_ping,author_id,categories,cid,comments_num,content,created,hits,modified,slug,status,tags,title,type from t_contents where status = ? and type = ? order by created limit 0,8
[tale] 2017-07-05 11:31:17,292 DEBUG [blade-pool-32] org.sql2o.Query | total: 723 ms, execution: 720 ms, reading and parsing: 3 ms; executed [null]
[tale] 2017-07-05 11:31:17,296 DEBUG [blade-pool-32] org.sql2o.Query | Executing query:
select count(0) from (select agent,author,author_id,cid,coid,content,created,ip,mail,owner_id,parent,status,type,url from t_comments) tmp_count
[tale] 2017-07-05 11:31:17,296 DEBUG [blade-pool-32] org.sql2o.Query | Executing query:
select count(0) from (select agent,author,author_id,cid,coid,content,created,ip,mail,owner_id,parent,status,type,url from t_comments) tmp_count
[tale] 2017-07-05 11:31:17,476 DEBUG [blade-pool-32] org.sql2o.Query | total: 180 ms; executed scalar [No name]
[tale] 2017-07-05 11:31:17,483 DEBUG [blade-pool-32] org.sql2o.Query | Executing query:
select agent,author,author_id,cid,coid,content,created,ip,mail,owner_id,parent,status,type,url from t_comments order by created desc limit 0,8
[tale] 2017-07-05 11:31:17,666 DEBUG [blade-pool-32] org.sql2o.Query | total: 183 ms, execution: 182 ms, reading and parsing: 1 ms; executed [null]
[tale] 2017-07-05 11:31:17,839 INFO  [blade-pool-31] com.blade.mvc.dispatch.DispatcherHandler | GET	/1490594200072.png	HTTP/1.1
[tale] 2017-07-05 11:31:17,840 INFO  [blade-pool-26] com.blade.mvc.dispatch.DispatcherHandler | GET	/1490679660648.png	HTTP/1.1
[tale] 2017-07-05 11:31:17,842 INFO  [blade-pool-31] com.tale.interceptor.BaseInterceptor | UserAgent: Mozilla/5.0 (Macintosh; Intel Mac OS X 10_12_3) AppleWebKit/537.36 (KHTML, like Gecko) Chrome/59.0.3071.115 Safari/537.36
[tale] 2017-07-05 11:31:17,842 INFO  [blade-pool-26] com.tale.interceptor.BaseInterceptor | UserAgent: Mozilla/5.0 (Macintosh; Intel Mac OS X 10_12_3) AppleWebKit/537.36 (KHTML, like Gecko) Chrome/59.0.3071.115 Safari/537.36
[tale] 2017-07-05 11:31:17,842 INFO  [blade-pool-31] com.tale.interceptor.BaseInterceptor | 用户访问地址: /1490594200072.png, 来路地址: 0:0:0:0:0:0:0:1
[tale] 2017-07-05 11:31:17,842 INFO  [blade-pool-26] com.tale.interceptor.BaseInterceptor | 用户访问地址: /1490679660648.png, 来路地址: 0:0:0:0:0:0:0:1
[tale] 2017-07-05 11:31:17,847 DEBUG [blade-pool-31] org.sql2o.Query | Executing query:
select allow_comment,allow_feed,allow_ping,author_id,categories,cid,comments_num,content,created,hits,modified,slug,status,tags,title,type from t_contents where slug = ?
[tale] 2017-07-05 11:31:17,847 DEBUG [blade-pool-26] org.sql2o.Query | Executing query:
select allow_comment,allow_feed,allow_ping,author_id,categories,cid,comments_num,content,created,hits,modified,slug,status,tags,title,type from t_contents where slug = ?
[tale] 2017-07-05 11:31:18,085 DEBUG [blade-pool-31] org.sql2o.Query | total: 238 ms, execution: 238 ms, reading and parsing: 0 ms; executed [null]
[tale] 2017-07-05 11:31:18,088 INFO  [blade-pool-31] jetbrick.template.JetTemplateImpl | Loading template: /comm/error_404.html
[tale] 2017-07-05 11:31:18,089 DEBUG [blade-pool-26] org.sql2o.Query | total: 242 ms, execution: 242 ms, reading and parsing: 0 ms; executed [null]
[tale] 2017-07-05 11:32:13,687 INFO  [blade-pool-28] com.blade.mvc.dispatch.DispatcherHandler | GET	/install	HTTP/1.1
[tale] 2017-07-05 11:32:13,687 INFO  [blade-pool-28] com.tale.interceptor.BaseInterceptor | UserAgent: Mozilla/5.0 (Macintosh; Intel Mac OS X 10_12_3) AppleWebKit/537.36 (KHTML, like Gecko) Chrome/59.0.3071.115 Safari/537.36
[tale] 2017-07-05 11:32:13,687 INFO  [blade-pool-28] com.tale.interceptor.BaseInterceptor | 用户访问地址: /install, 来路地址: 0:0:0:0:0:0:0:1
[tale] 2017-07-05 11:32:13,690 INFO  [blade-pool-28] jetbrick.template.JetTemplateImpl | Loading template: install.html
[tale] 2017-07-05 11:33:11,819 INFO  [blade-pool-27] com.blade.mvc.dispatch.DispatcherHandler | GET	/install	HTTP/1.1
[tale] 2017-07-05 11:33:11,820 INFO  [blade-pool-27] com.tale.interceptor.BaseInterceptor | UserAgent: Mozilla/5.0 (Macintosh; Intel Mac OS X 10_12_3) AppleWebKit/537.36 (KHTML, like Gecko) Chrome/59.0.3071.115 Safari/537.36
[tale] 2017-07-05 11:33:11,821 INFO  [blade-pool-27] com.tale.interceptor.BaseInterceptor | 用户访问地址: /install, 来路地址: 0:0:0:0:0:0:0:1
[tale] 2017-07-05 11:33:14,581 INFO  [blade-pool-11] com.blade.mvc.dispatch.DispatcherHandler | GET	/install	HTTP/1.1
[tale] 2017-07-05 11:33:14,582 INFO  [blade-pool-11] com.tale.interceptor.BaseInterceptor | UserAgent: Mozilla/5.0 (Macintosh; Intel Mac OS X 10_12_3) AppleWebKit/537.36 (KHTML, like Gecko) Chrome/59.0.3071.115 Safari/537.36
[tale] 2017-07-05 11:33:14,582 INFO  [blade-pool-11] com.tale.interceptor.BaseInterceptor | 用户访问地址: /install, 来路地址: 0:0:0:0:0:0:0:1
[tale] 2017-07-05 11:33:16,443 INFO  [blade-pool-29] com.blade.mvc.dispatch.DispatcherHandler | GET	/install	HTTP/1.1
[tale] 2017-07-05 11:33:16,443 INFO  [blade-pool-29] com.tale.interceptor.BaseInterceptor | UserAgent: Mozilla/5.0 (Macintosh; Intel Mac OS X 10_12_3) AppleWebKit/537.36 (KHTML, like Gecko) Chrome/59.0.3071.115 Safari/537.36
[tale] 2017-07-05 11:33:16,443 INFO  [blade-pool-29] com.tale.interceptor.BaseInterceptor | 用户访问地址: /install, 来路地址: 0:0:0:0:0:0:0:1
[tale] 2017-07-05 11:33:17,293 INFO  [blade-pool-27] com.blade.mvc.dispatch.DispatcherHandler | GET	/install	HTTP/1.1
[tale] 2017-07-05 11:33:17,294 INFO  [blade-pool-27] com.tale.interceptor.BaseInterceptor | UserAgent: Mozilla/5.0 (Macintosh; Intel Mac OS X 10_12_3) AppleWebKit/537.36 (KHTML, like Gecko) Chrome/59.0.3071.115 Safari/537.36
[tale] 2017-07-05 11:33:17,294 INFO  [blade-pool-27] com.tale.interceptor.BaseInterceptor | 用户访问地址: /install, 来路地址: 0:0:0:0:0:0:0:1
[tale] 2017-07-05 11:33:17,968 INFO  [blade-pool-31] com.blade.mvc.dispatch.DispatcherHandler | GET	/install	HTTP/1.1
[tale] 2017-07-05 11:33:17,969 INFO  [blade-pool-31] com.tale.interceptor.BaseInterceptor | UserAgent: Mozilla/5.0 (Macintosh; Intel Mac OS X 10_12_3) AppleWebKit/537.36 (KHTML, like Gecko) Chrome/59.0.3071.115 Safari/537.36
[tale] 2017-07-05 11:33:17,969 INFO  [blade-pool-31] com.tale.interceptor.BaseInterceptor | 用户访问地址: /install, 来路地址: 0:0:0:0:0:0:0:1
[tale] 2017-07-05 11:33:18,968 INFO  [blade-pool-26] com.blade.mvc.dispatch.DispatcherHandler | GET	/install	HTTP/1.1
[tale] 2017-07-05 11:33:18,969 INFO  [blade-pool-26] com.tale.interceptor.BaseInterceptor | UserAgent: Mozilla/5.0 (Macintosh; Intel Mac OS X 10_12_3) AppleWebKit/537.36 (KHTML, like Gecko) Chrome/59.0.3071.115 Safari/537.36
[tale] 2017-07-05 11:33:18,969 INFO  [blade-pool-26] com.tale.interceptor.BaseInterceptor | 用户访问地址: /install, 来路地址: 0:0:0:0:0:0:0:1
[tale] 2017-07-05 11:33:20,101 INFO  [blade-pool-28] com.blade.mvc.dispatch.DispatcherHandler | GET	/install	HTTP/1.1
[tale] 2017-07-05 11:33:20,102 INFO  [blade-pool-28] com.tale.interceptor.BaseInterceptor | UserAgent: Mozilla/5.0 (Macintosh; Intel Mac OS X 10_12_3) AppleWebKit/537.36 (KHTML, like Gecko) Chrome/59.0.3071.115 Safari/537.36
[tale] 2017-07-05 11:33:20,102 INFO  [blade-pool-28] com.tale.interceptor.BaseInterceptor | 用户访问地址: /install, 来路地址: 0:0:0:0:0:0:0:1
[tale] 2017-07-05 11:33:44,545 INFO  [blade-pool-29] com.blade.mvc.dispatch.DispatcherHandler | GET	/install	HTTP/1.1
[tale] 2017-07-05 11:33:44,546 INFO  [blade-pool-29] com.tale.interceptor.BaseInterceptor | UserAgent: Mozilla/5.0 (Macintosh; Intel Mac OS X 10_12_3) AppleWebKit/537.36 (KHTML, like Gecko) Chrome/59.0.3071.115 Safari/537.36
[tale] 2017-07-05 11:33:44,546 INFO  [blade-pool-29] com.tale.interceptor.BaseInterceptor | 用户访问地址: /install, 来路地址: 0:0:0:0:0:0:0:1
